<?xml version="1.0" encoding="UTF-8"?>
<testsuite xmlns:xsi="http://www.w3.org/2001/XMLSchema-instance" xsi:noNamespaceSchemaLocation="https://maven.apache.org/surefire/maven-surefire-plugin/xsd/surefire-test-report.xsd" version="3.0.2" name="com.example.FileManagementAndStorage.FileManagementAndStorageApplicationTests" time="10.479" tests="1" errors="0" skipped="0" failures="0">
  <properties>
[...]
</properties>
  <testcase name="contextLoads" classname="com.example.FileManagementAndStorage.FileManagementAndStorageApplicationTests" time="0.591">
    <system-out><![CDATA[18:49:34.024 [main] INFO org.springframework.test.context.support.AnnotationConfigContextLoaderUtils -- Could not detect default configuration classes for test class [com.example.FileManagementAndStorage.FileManagementAndStorageApplicationTests]: FileManagementAndStorageApplicationTests does not declare any static, non-private, non-final, nested classes annotated with @Configuration.
18:49:34.332 [main] INFO org.springframework.boot.test.context.SpringBootTestContextBootstrapper -- Found @SpringBootConfiguration com.example.FileManagementAndStorage.FileManagementAndStorageApplication for test class com.example.FileManagementAndStorage.FileManagementAndStorageApplicationTests

  .   ____          _            __ _ _
 /\\ / ___'_ __ _ _(_)_ __  __ _ \ \ \ \
( ( )\___ | '_ | '_| | '_ \/ _` | \ \ \ \
 \\/  ___)| |_)| | | | | || (_| |  ) ) ) )
  '  |____| .__|_| |_|_| |_\__, | / / / /
 =========|_|==============|___/=/_/_/_/

 :: Spring Boot ::                (v3.5.3)

2025-11-25T18:49:35.476+05:30  INFO 9372 --- [FileManagementAndStorage] [           main] FileManagementAndStorageApplicationTests : Starting FileManagementAndStorageApplicationTests using Java 17.0.12 with PID 9372 (started by dhars in C:\Users\dhars\workspace-java\FileSystemAndStorage\FileManagementAndStorage\FileManagementAndStorage)
2025-11-25T18:49:35.478+05:30 DEBUG 9372 --- [FileManagementAndStorage] [           main] FileManagementAndStorageApplicationTests : Running with Spring Boot v3.5.3, Spring v6.2.8
2025-11-25T18:49:35.479+05:30  INFO 9372 --- [FileManagementAndStorage] [           main] FileManagementAndStorageApplicationTests : No active profile set, falling back to 1 default profile: "default"
2025-11-25T18:49:36.835+05:30  INFO 9372 --- [FileManagementAndStorage] [           main] .s.d.r.c.RepositoryConfigurationDelegate : Bootstrapping Spring Data JPA repositories in DEFAULT mode.
2025-11-25T18:49:36.954+05:30  INFO 9372 --- [FileManagementAndStorage] [           main] .s.d.r.c.RepositoryConfigurationDelegate : Finished Spring Data repository scanning in 103 ms. Found 4 JPA repository interfaces.
2025-11-25T18:49:37.870+05:30  INFO 9372 --- [FileManagementAndStorage] [           main] o.hibernate.jpa.internal.util.LogHelper  : HHH000204: Processing PersistenceUnitInfo [name: default]
2025-11-25T18:49:37.995+05:30  INFO 9372 --- [FileManagementAndStorage] [           main] org.hibernate.Version                    : HHH000412: Hibernate ORM core version 6.6.18.Final
2025-11-25T18:49:38.062+05:30  INFO 9372 --- [FileManagementAndStorage] [           main] o.h.c.internal.RegionFactoryInitiator    : HHH000026: Second-level cache disabled
2025-11-25T18:49:38.577+05:30  INFO 9372 --- [FileManagementAndStorage] [           main] o.s.o.j.p.SpringPersistenceUnitInfo      : No LoadTimeWeaver setup: ignoring JPA class transformer
2025-11-25T18:49:38.650+05:30  INFO 9372 --- [FileManagementAndStorage] [           main] com.zaxxer.hikari.HikariDataSource       : HikariPool-1 - Starting...
2025-11-25T18:49:38.898+05:30  INFO 9372 --- [FileManagementAndStorage] [           main] com.zaxxer.hikari.pool.HikariPool        : HikariPool-1 - Added connection conn0: url=jdbc:h2:mem:test user=SA
2025-11-25T18:49:38.900+05:30  INFO 9372 --- [FileManagementAndStorage] [           main] com.zaxxer.hikari.HikariDataSource       : HikariPool-1 - Start completed.
2025-11-25T18:49:39.012+05:30  INFO 9372 --- [FileManagementAndStorage] [           main] org.hibernate.orm.connections.pooling    : HHH10001005: Database info:
	Database JDBC URL [Connecting through datasource 'HikariDataSource (HikariPool-1)']
	Database driver: undefined/unknown
	Database version: 2.3.232
	Autocommit mode: undefined/unknown
	Isolation level: undefined/unknown
	Minimum pool size: undefined/unknown
	Maximum pool size: undefined/unknown
2025-11-25T18:49:40.375+05:30  INFO 9372 --- [FileManagementAndStorage] [           main] o.h.e.t.j.p.i.JtaPlatformInitiator       : HHH000489: No JTA platform available (set 'hibernate.transaction.jta.platform' to enable JTA platform integration)
Hibernate: create table file_model (id bigint generated by default as identity, created_at timestamp(6), file_name varchar(255) not null, is_deleted boolean not null, path varchar(255) not null, size bigint not null, type varchar(255), folder_id bigint, owner_id bigint not null, primary key (id))
Hibernate: create table file_share (id bigint generated by default as identity, permission enum ('READ','WRITE'), shared_at timestamp(6), file_id bigint not null, shared_with bigint not null, primary key (id))
Hibernate: create table folder (id bigint generated by default as identity, created_at timestamp(6), folder_name varchar(255) not null, owner_id bigint not null, parent_id bigint, primary key (id))
Hibernate: create table users (id bigint generated by default as identity, created_at timestamp(6), email varchar(20) not null, password varchar(150) not null, role enum ('ADMIN','USER'), username varchar(50) not null, primary key (id))
Hibernate: alter table if exists users drop constraint if exists UK6dotkott2kjsp8vw4d0m25fb7
Hibernate: alter table if exists users add constraint UK6dotkott2kjsp8vw4d0m25fb7 unique (email)
Hibernate: alter table if exists users drop constraint if exists UKr43af9ap4edm43mmtq01oddj6
Hibernate: alter table if exists users add constraint UKr43af9ap4edm43mmtq01oddj6 unique (username)
Hibernate: alter table if exists file_model add constraint FK5syfadnv19yy3u8nuu0ghx9up foreign key (folder_id) references folder
Hibernate: alter table if exists file_model add constraint FKgvvb9jtl9sn95ybs4jrot71ur foreign key (owner_id) references users
Hibernate: alter table if exists file_share add constraint FK31fm084c8lkqyiyls4eol5ubf foreign key (file_id) references file_model
Hibernate: alter table if exists file_share add constraint FKg5mg0nhgjpwdla9bw6nlumtp2 foreign key (shared_with) references users
Hibernate: alter table if exists folder add constraint FKojmjh9yw3depfu3spi3a0lg8m foreign key (owner_id) references users
Hibernate: alter table if exists folder add constraint FKn0cjh1seljcp0mc4tj1ufh99m foreign key (parent_id) references folder
2025-11-25T18:49:40.494+05:30  INFO 9372 --- [FileManagementAndStorage] [           main] j.LocalContainerEntityManagerFactoryBean : Initialized JPA EntityManagerFactory for persistence unit 'default'
2025-11-25T18:49:42.318+05:30  WARN 9372 --- [FileManagementAndStorage] [           main] JpaBaseConfiguration$JpaWebConfiguration : spring.jpa.open-in-view is enabled by default. Therefore, database queries may be performed during view rendering. Explicitly configure spring.jpa.open-in-view to disable this warning
2025-11-25T18:49:42.407+05:30  INFO 9372 --- [FileManagementAndStorage] [           main] r$InitializeUserDetailsManagerConfigurer : Global AuthenticationManager configured with UserDetailsService bean with name customUserDetailsService
2025-11-25T18:49:43.388+05:30  INFO 9372 --- [FileManagementAndStorage] [           main] o.s.b.a.h2.H2ConsoleAutoConfiguration    : H2 console available at '/h2-console'. Database available at 'jdbc:h2:mem:test'
2025-11-25T18:49:43.585+05:30  INFO 9372 --- [FileManagementAndStorage] [           main] FileManagementAndStorageApplicationTests : Started FileManagementAndStorageApplicationTests in 8.86 seconds (process running for 10.936)
]]></system-out>
  </testcase>
</testsuite>